{
  "RSpec": {
    "coverage": {
      "/Users/clhokan/dev/Fall-2011-FSE-Sneakers/app/models/user.rb": [
        1,
        null,
        null,
        1,
        null,
        null,
        1,
        null,
        null,
        1,
        null,
        1,
        1,
        null,
        null,
        1,
        0,
        0,
        0,
        null,
        0,
        null,
        null,
        null,
        1,
        10,
        null,
        null,
        1,
        89,
        null,
        null,
        1,
        null,
        1,
        74,
        74,
        null,
        null
      ],
      "/Users/clhokan/dev/Fall-2011-FSE-Sneakers/app/controllers/application_controller.rb": [
        1,
        1,
        null,
        1,
        null,
        null,
        null,
        null,
        null,
        null,
        1,
        0,
        0,
        null,
        null,
        null,
        null,
        1,
        169,
        null,
        null,
        null
      ],
      "/Users/clhokan/dev/Fall-2011-FSE-Sneakers/app/helpers/application_helper.rb": [
        1,
        null
      ],
      "/Users/clhokan/dev/Fall-2011-FSE-Sneakers/app/helpers/deliverables_helper.rb": [
        1,
        null,
        null,
        1,
        9,
        null,
        null
      ],
      "/Users/clhokan/dev/Fall-2011-FSE-Sneakers/app/helpers/effort_logs_helper.rb": [
        1,
        null
      ],
      "/Users/clhokan/dev/Fall-2011-FSE-Sneakers/app/helpers/lifecycles_helper.rb": [
        1,
        null
      ],
      "/Users/clhokan/dev/Fall-2011-FSE-Sneakers/app/helpers/pages_helper.rb": [
        1,
        null
      ],
      "/Users/clhokan/dev/Fall-2011-FSE-Sneakers/app/helpers/project_phases_helper.rb": [
        1,
        null
      ],
      "/Users/clhokan/dev/Fall-2011-FSE-Sneakers/app/helpers/projects_helper.rb": [
        1,
        null,
        null,
        1,
        28,
        13,
        null,
        15,
        null,
        null,
        null
      ],
      "/Users/clhokan/dev/Fall-2011-FSE-Sneakers/app/helpers/users_helper.rb": [
        1,
        null,
        null,
        1,
        6,
        3,
        0,
        null,
        3,
        null,
        null,
        null,
        null
      ],
      "/Users/clhokan/dev/Fall-2011-FSE-Sneakers/app/controllers/deliverables_controller.rb": [
        null,
        null,
        null,
        null,
        null,
        null,
        1,
        null,
        1,
        null,
        null,
        null,
        1,
        3,
        null,
        3,
        3,
        3,
        3,
        null,
        null,
        null,
        null,
        null,
        1,
        0,
        null,
        0,
        0,
        null,
        null,
        null,
        null,
        null,
        1,
        15,
        15,
        null,
        15,
        null,
        15,
        15,
        15,
        null,
        null,
        null,
        null,
        1,
        2,
        null,
        null,
        null,
        null,
        null,
        null,
        1,
        5,
        null,
        5,
        null,
        null,
        null,
        null,
        null,
        null,
        null,
        5,
        5,
        6,
        3,
        null,
        2,
        2,
        null,
        2,
        null,
        4,
        2,
        null,
        null,
        null,
        null,
        null,
        null,
        1,
        5,
        null,
        5,
        5,
        4,
        2,
        null,
        6,
        3,
        null,
        null,
        null,
        null,
        null,
        null,
        1,
        2,
        2,
        null,
        2,
        4,
        2,
        null,
        null,
        null,
        null,
        null,
        1,
        null,
        null,
        3,
        null,
        null,
        null,
        3,
        3,
        3,
        2,
        null,
        0,
        null,
        null,
        null,
        null,
        null,
        1,
        15,
        13,
        13,
        null,
        2,
        null,
        null,
        null,
        15,
        30,
        null,
        null,
        null,
        null,
        1,
        14,
        14,
        14,
        14,
        null,
        14,
        14,
        14,
        14,
        14,
        null,
        14,
        14,
        14,
        14,
        null,
        null,
        null,
        null,
        14,
        28,
        null,
        null,
        null,
        1,
        null,
        null,
        null,
        null,
        null,
        null,
        null,
        1,
        5,
        null,
        null,
        20,
        5,
        null,
        null,
        null,
        null,
        null,
        null,
        null,
        null,
        1,
        17,
        null,
        null,
        null,
        null,
        17,
        58,
        null,
        17,
        17,
        null,
        null,
        null,
        null
      ],
      "/Users/clhokan/dev/Fall-2011-FSE-Sneakers/app/controllers/effort_logs_controller.rb": [
        1,
        null,
        1,
        null,
        null,
        null,
        1,
        1,
        null,
        1,
        1,
        1,
        null,
        null,
        null,
        null,
        null,
        1,
        1,
        1,
        null,
        1,
        1,
        1,
        null,
        null,
        null,
        null,
        null,
        1,
        5,
        5,
        null,
        5,
        5,
        3,
        null,
        6,
        3,
        null,
        2,
        4,
        2,
        null,
        null,
        null,
        null,
        1,
        0,
        0,
        0,
        0,
        null,
        0,
        null,
        null,
        null,
        0,
        0,
        0,
        null,
        null,
        null,
        null,
        0,
        0,
        null,
        null,
        null
      ],
      "/Users/clhokan/dev/Fall-2011-FSE-Sneakers/app/controllers/lifecycles_controller.rb": [
        null,
        null,
        null,
        null,
        1,
        null,
        1,
        null,
        null,
        null,
        1,
        1,
        null,
        1,
        1,
        1,
        null,
        null,
        null,
        null,
        1,
        null,
        null,
        null,
        null,
        1,
        1,
        null,
        1,
        1,
        1,
        null,
        null,
        null,
        null,
        null,
        1,
        0,
        null,
        0,
        0,
        0,
        null,
        null,
        null,
        null,
        1,
        0,
        null,
        null,
        null,
        null,
        1,
        0,
        null,
        0,
        0,
        0,
        0,
        null,
        0,
        0,
        null,
        null,
        null,
        null,
        null,
        null,
        1,
        0,
        null,
        0,
        0,
        0,
        0,
        null,
        0,
        0,
        null,
        null,
        null,
        null,
        null,
        null,
        1,
        0,
        0,
        null,
        0,
        0,
        0,
        null,
        null,
        null
      ],
      "/Users/clhokan/dev/Fall-2011-FSE-Sneakers/app/controllers/pages_controller.rb": [
        null,
        null,
        null,
        1,
        null,
        1,
        null,
        null,
        null,
        1,
        13,
        13,
        13,
        null,
        null,
        null
      ],
      "/Users/clhokan/dev/Fall-2011-FSE-Sneakers/app/controllers/project_phases_controller.rb": [
        null,
        null,
        null,
        null,
        1,
        null,
        1,
        null,
        null,
        1,
        13,
        13,
        13,
        13,
        39,
        468,
        null,
        null,
        null,
        13,
        0,
        0,
        null,
        null,
        null,
        13,
        13,
        null,
        null,
        13,
        null,
        null,
        null,
        null
      ],
      "/Users/clhokan/dev/Fall-2011-FSE-Sneakers/app/controllers/projects_controller.rb": [
        null,
        null,
        null,
        null,
        1,
        null,
        1,
        null,
        null,
        null,
        1,
        14,
        null,
        14,
        14,
        14,
        null,
        null,
        null,
        null,
        1,
        null,
        null,
        null,
        null,
        1,
        14,
        null,
        14,
        14,
        14,
        14,
        null,
        null,
        null,
        null,
        null,
        1,
        1,
        1,
        null,
        1,
        1,
        1,
        null,
        null,
        null,
        null,
        null,
        null,
        1,
        5,
        5,
        null,
        5,
        5,
        null,
        null,
        3,
        null,
        null,
        3,
        0,
        null,
        null,
        6,
        3,
        null,
        4,
        2,
        null,
        null,
        null,
        null,
        null
      ],
      "/Users/clhokan/dev/Fall-2011-FSE-Sneakers/app/controllers/users_controller.rb": [
        null,
        null,
        null,
        1,
        1,
        null,
        1,
        null,
        1,
        null,
        null,
        null,
        null,
        1,
        1,
        null,
        1,
        1,
        1,
        null,
        null,
        null,
        null,
        null,
        1,
        null,
        null,
        1,
        1,
        1,
        null,
        null,
        null,
        null,
        1,
        null,
        1,
        null,
        null,
        null,
        null,
        1,
        null,
        5,
        null,
        null,
        5,
        5,
        4,
        2,
        null,
        3,
        6,
        3,
        null,
        null,
        null,
        null,
        null,
        null,
        1,
        null,
        2,
        null,
        2,
        4,
        2,
        null,
        null,
        null,
        null,
        null,
        1,
        7,
        null,
        null,
        null,
        null
      ],
      "/Users/clhokan/dev/Fall-2011-FSE-Sneakers/app/models/ability.rb": [
        1,
        1,
        null,
        1,
        23,
        23,
        10,
        13,
        13,
        13,
        13,
        null,
        null,
        null,
        null
      ],
      "/Users/clhokan/dev/Fall-2011-FSE-Sneakers/app/models/complexity.rb": [
        null,
        null,
        null,
        1,
        1,
        null,
        1,
        null
      ],
      "/Users/clhokan/dev/Fall-2011-FSE-Sneakers/app/models/custom_deliverable_type.rb": [
        null,
        null,
        1,
        1,
        1,
        null,
        1,
        null,
        1,
        1,
        1,
        null,
        null
      ],
      "/Users/clhokan/dev/Fall-2011-FSE-Sneakers/app/models/deliverable.rb": [
        null,
        null,
        null,
        null,
        null,
        null,
        null,
        null,
        1,
        null,
        1,
        null,
        1,
        1,
        null,
        1,
        1,
        1,
        null,
        1,
        1,
        1,
        null,
        1,
        null,
        1,
        null,
        null,
        1,
        13,
        9,
        null,
        4,
        null,
        null,
        null,
        null,
        1,
        26,
        18,
        18,
        null,
        8,
        null,
        null,
        null,
        null,
        1,
        0,
        null,
        null,
        null,
        1,
        92,
        9,
        9,
        9,
        null,
        null,
        null,
        null,
        1,
        5788,
        5788,
        14,
        null,
        5788,
        null,
        null,
        null
      ],
      "/Users/clhokan/dev/Fall-2011-FSE-Sneakers/app/models/deliverable_type.rb": [
        null,
        null,
        null,
        1,
        1,
        1,
        null,
        1,
        1,
        null,
        1,
        1,
        1,
        null,
        null
      ],
      "/Users/clhokan/dev/Fall-2011-FSE-Sneakers/app/models/effort_log.rb": [
        null,
        1,
        1,
        1,
        null,
        1,
        1,
        1,
        1,
        1,
        1,
        1,
        null,
        1,
        1,
        1,
        1,
        null,
        null,
        null,
        1,
        15,
        null,
        15,
        15,
        null,
        15,
        null,
        null,
        15,
        null,
        null,
        null,
        null,
        1,
        32,
        null,
        null,
        null,
        1,
        32,
        null,
        null,
        1,
        32,
        null,
        null,
        1,
        32,
        null,
        null,
        1,
        32,
        null,
        null,
        null,
        null,
        null,
        1,
        37,
        74,
        null,
        null,
        null,
        1,
        null,
        32,
        37,
        1,
        1,
        1,
        null,
        null,
        null,
        null,
        null,
        1,
        32,
        28,
        null,
        null,
        null,
        null
      ],
      "/Users/clhokan/dev/Fall-2011-FSE-Sneakers/app/models/lifecycle.rb": [
        null,
        null,
        null,
        1,
        1,
        1,
        null,
        1,
        null
      ],
      "/Users/clhokan/dev/Fall-2011-FSE-Sneakers/app/models/lifecycle_phase.rb": [
        null,
        null,
        null,
        null,
        1,
        1,
        1,
        1,
        1,
        null,
        1,
        null
      ],
      "/Users/clhokan/dev/Fall-2011-FSE-Sneakers/app/models/project.rb": [
        null,
        null,
        null,
        1,
        1,
        1,
        1,
        1,
        0,
        null,
        null,
        null,
        1,
        1,
        null,
        null,
        null,
        1,
        54,
        54,
        286,
        null,
        null,
        54,
        null,
        null,
        null,
        1,
        29,
        29,
        158,
        null,
        null,
        29,
        null,
        null,
        null
      ],
      "/Users/clhokan/dev/Fall-2011-FSE-Sneakers/app/models/project_phase.rb": [
        null,
        null,
        null,
        null,
        1,
        1,
        1,
        null,
        1,
        1,
        1,
        null,
        1,
        1,
        null,
        null,
        null,
        1,
        377,
        null,
        377,
        14352,
        null,
        null,
        377,
        null,
        null,
        null,
        1,
        172,
        null,
        172,
        5778,
        null,
        null,
        172,
        null,
        null,
        null,
        1,
        549,
        549,
        1680,
        20130,
        null,
        null,
        null,
        549,
        0,
        0,
        null,
        null,
        549,
        null,
        null,
        null
      ],
      "/Users/clhokan/dev/Fall-2011-FSE-Sneakers/app/models/role.rb": [
        1,
        1,
        null
      ],
      "/Users/clhokan/dev/Fall-2011-FSE-Sneakers/app/models/stock_deliverable_type.rb": [
        null,
        null,
        null,
        null,
        1,
        null,
        1,
        1,
        null,
        1,
        null,
        1,
        1,
        null,
        null,
        1,
        45,
        null,
        null,
        null,
        null,
        1,
        15,
        15,
        null,
        15,
        null,
        null,
        15,
        null,
        15,
        15,
        null,
        null,
        null,
        null,
        1,
        15,
        15,
        null,
        15,
        null,
        null,
        15,
        null,
        15,
        15,
        null,
        null,
        null,
        null,
        1,
        15,
        15,
        null,
        15,
        null,
        15,
        null,
        75,
        15,
        15,
        15,
        15,
        15,
        15,
        null,
        null,
        null,
        null,
        null
      ],
      "/Users/clhokan/dev/Fall-2011-FSE-Sneakers/app/models/unit_of_measure.rb": [
        null,
        null,
        null,
        null,
        1,
        1,
        1,
        null,
        1,
        null
      ]
    },
    "timestamp": 1322699669
  }
}
